{'app': 'com.android.systemui', 'title': 'Charging (2 h 58 m until full)', 'text': '66% (2 h 58 m until full)'}{"app": "com.android.systemui", "title": "Charging (2 h 55 m until full)", "text": "66% (2 h 55 m until full)"}
{"app": "com.android.systemui", "title": "Charging (2 h 55 m until full)", "text": "67% (2 h 55 m until full)"}
{"app": "com.google.android.googlequicksearchbox", "text": ""}
{"app": "com.google.android.googlequicksearchbox", "text": "IND 518/5d (134.2) vs 1/0 (2.1) WI \u00b7 Live score"}
{"app": "com.android.systemui", "title": "Charging (2 h 54 m until full)", "text": "67% (2 h 54 m until full)"}
{"app": "com.android.systemui", "title": "Charging (2 h 42 m until full)", "text": "69% (2 h 42 m until full)"}
{"app": "com.android.systemui", "title": "Charging (2 h 42 m until full)", "text": "69% (2 h 42 m until full)"}
{"app": "com.android.systemui", "title": "Charging (2 h 41 m until full)", "text": "69% (2 h 41 m until full)"}
{"app": "com.amazon.avod.thirdpartyclient", "title": "\ud83d\udca5When beliefs collide, chaos begins!", "text": "Watch 'Bomb' - A friend's fight against faith will leave you in splits!"}
{"app": "com.android.systemui", "title": "Charging (2 h 40 m until full)", "text": "69% (2 h 40 m until full)"}
{"app": "com.android.systemui", "title": "Charging (2 h 40 m until full)", "text": "69% (2 h 40 m until full)"}
{"app": "com.google.android.googlequicksearchbox", "text": ""}
{"app": "com.google.android.googlequicksearchbox", "text": "IND 518/5d (134.2) vs 11/0 (6.1) WI \u00b7 Live score"}
{"app": "com.android.systemui", "title": "Charging (2 h 39 m until full)", "text": "69% (2 h 39 m until full)"}
{"app": "com.android.systemui", "title": "Charging (2 h 39 m until full)", "text": "70% (2 h 39 m until full)"}
{"app": "com.android.systemui", "title": "Charging (2 h 38 m until full)", "text": "70% (2 h 38 m until full)"}
{"app": "com.android.systemui", "title": "Charging (2 h 38 m until full)", "text": "70% (2 h 38 m until full)"}
{"app": "com.android.systemui", "title": "Charging (2 h 37 m until full)", "text": "70% (2 h 37 m until full)"}
{"app": "com.google.android.googlequicksearchbox", "text": ""}
{"app": "com.google.android.googlequicksearchbox", "text": "IND 518/5d (134.2) vs 17/0 (7) WI \u00b7 Live score"}
{"app": "com.android.systemui", "title": "Charging (2 h 37 m until full)", "text": "70% (2 h 37 m until full)"}
{"app": "com.android.systemui", "title": "Charging (2 h 36 m until full)", "text": "70% (2 h 36 m until full)"}
{"app": "com.android.systemui", "title": "Charging (2 h 36 m until full)", "text": "70% (2 h 36 m until full)"}
{"app": "com.android.systemui", "title": "Charging (2 h 35 m until full)", "text": "70% (2 h 35 m until full)"}
{"app": "com.android.systemui", "title": "Charging (2 h 35 m until full)", "text": "70% (2 h 35 m until full)"}
{"app": "com.google.android.googlequicksearchbox", "text": ""}
{"app": "com.google.android.googlequicksearchbox", "text": "IND 518/5d (134.2) vs 21/1 (7.2) WI \u00b7 Live score"}
{"app": "com.android.systemui", "title": "Charging (2 h 34 m until full)", "text": "70% (2 h 34 m until full)"}
{"app": "com.android.systemui", "title": "Charging (2 h 34 m until full)", "text": "71% (2 h 34 m until full)"}
{"app": "com.android.systemui", "title": "Charging (2 h 33 m until full)", "text": "71% (2 h 33 m until full)"}
{"app": "com.android.systemui", "title": "Charging (2 h 33 m until full)", "text": "71% (2 h 33 m until full)"}
{"app": "com.google.android.googlequicksearchbox", "text": ""}
{"app": "com.google.android.googlequicksearchbox", "text": "IND 518/5d (134.2) vs 21/1 (8) WI \u00b7 Live score"}
{"app": "com.android.systemui", "title": "Charging (2 h 32 m until full)", "text": "71% (2 h 32 m until full)"}
{"app": "com.android.systemui", "title": "Charging (2 h 31 m until full)", "text": "71% (2 h 31 m until full)"}
{"app": "com.android.systemui", "title": "Charging (2 h 24 m until full)", "text": "72% (2 h 24 m until full)"}
{"app": "com.android.systemui", "title": "Charging (2 h 24 m until full)", "text": "72% (2 h 24 m until full)"}
{"app": "com.android.systemui", "title": "Charging (2 h 23 m until full)", "text": "73% (2 h 23 m until full)"}
{"app": "com.android.systemui", "title": "Charging (2 h 23 m until full)", "text": "73% (2 h 23 m until full)"}
{"app": "com.google.android.googlequicksearchbox", "text": ""}
{"app": "com.google.android.googlequicksearchbox", "text": "IND 518/5d (134.2) vs 26/1 (11) WI \u00b7 Day 2"}
{"app": "com.android.systemui", "title": "Charging (2 h 22 m until full)", "text": "73% (2 h 22 m until full)"}
{"app": "com.android.systemui", "title": "Charging (2 h 21 m until full)", "text": "73% (2 h 21 m until full)"}
{"app": "com.android.systemui", "title": "Charging (2 h 21 m until full)", "text": "73% (2 h 21 m until full)"}
{"app": "com.android.systemui", "title": "Charging (2 h 20 m until full)", "text": "73% (2 h 20 m until full)"}
{"app": "com.google.android.googlequicksearchbox", "text": ""}
{"app": "com.google.android.googlequicksearchbox", "text": "IND 518/5d (134.2) vs 26/1 (11) WI \u00b7 Day 2"}
{"app": "com.android.systemui", "title": "Charging (2 h 20 m until full)", "text": "73% (2 h 20 m until full)"}
{"app": "com.android.systemui", "title": "Charging (2 h 19 m until full)", "text": "73% (2 h 19 m until full)"}
{"app": "com.android.systemui", "title": "Charging (2 h 19 m until full)", "text": "73% (2 h 19 m until full)"}
{"app": "com.android.systemui", "title": "Charging (2 h 18 m until full)", "text": "73% (2 h 18 m until full)"}
{"app": "com.android.systemui", "title": "Charging (2 h 18 m until full)", "text": "74% (2 h 18 m until full)"}
{"app": "com.android.systemui", "title": "Charging (2 h 17 m until full)", "text": "74% (2 h 17 m until full)"}
{"app": "com.google.android.googlequicksearchbox", "text": ""}
{"app": "com.google.android.googlequicksearchbox", "text": "40\u00b0 \u00b7 \u0baa\u0bb0\u0bb5\u0bb2\u0bbe\u0ba9 \u0b87\u0b9f\u0bbf\u0bae\u0bb4\u0bc8 \u0baa\u0bcb\u0bb2\u0bcd \u0b89\u0bb3\u0bcd\u0bb3\u0ba4\u0bc1 \u00b7 \u0bae\u0bc1\u0bb4\u0bc1 \u0bb5\u0bbe\u0ba9\u0bbf\u0bb2\u0bc8 \u0bae\u0bc1\u0ba9\u0bcd\u0ba9\u0bb1\u0bbf\u0bb5\u0bbf\u0baa\u0bcd\u0baa\u0bc8\u0baf\u0bc1\u0bae\u0bcd \u0baa\u0bbe\u0bb0\u0bc1\u0b99\u0bcd\u0b95\u0bb3\u0bcd"}
{"app": "com.android.systemui", "title": "Charging (2 h 16 m until full)", "text": "74% (2 h 16 m until full)"}
{"app": "com.android.systemui", "title": "Charging (2 h 48 m until full)", "text": "68% (2 h 48 m until full)"}
{"app": "com.android.systemui", "title": "Charging (2 h 47 m until full)", "text": "68% (2 h 47 m until full)"}
{"app": "com.whatsapp", "title": "Logi CT", "text": "akshu vs offline la yum work aagum la,ippo extension for java install panna automatic ah lines fill aagudhu ,adha  vachu lab la podalam la"}
{"app": "com.whatsapp", "title": "WhatsApp", "text": "13 messages from 5 chats"}
{"app": "com.android.systemui", "title": "Charging (2 h 46 m until full)", "text": "68% (2 h 46 m until full)"}
{"app": "com.android.systemui", "title": "Charging (2 h 46 m until full)", "text": "68% (2 h 46 m until full)"}
{"app": "com.android.systemui", "title": "Charging (2 h 45 m until full)", "text": "68% (2 h 45 m until full)"}
{"app": "com.android.systemui", "title": "Charging (2 h 45 m until full)", "text": "68% (2 h 45 m until full)"}
{"app": "com.android.systemui", "title": "Charging (2 h 44 m until full)", "text": "69% (2 h 44 m until full)"}
{"app": "com.android.systemui", "title": "Charging (2 h 44 m until full)", "text": "69% (2 h 44 m until full)"}
